2025-10-20 19:27:49,138 - __main__ - INFO - Sistema de Detecção de Colisão iniciado
2025-10-20 19:27:54,178 - __main__ - ERROR - Erro fatal na conexão: timed out
2025-10-21 13:39:33,768 - __main__ - INFO - Sistema de Detecção de Colisão iniciado
2025-10-21 13:39:33,799 - __main__ - INFO - Conectado ao broker MQTT com sucesso
2025-10-21 13:39:33,899 - __main__ - INFO - Sistema em execução
2025-10-21 13:40:03,921 - __main__ - WARNING - Erro ao enviar ping: 'Client' object has no attribute 'ping'
2025-10-21 13:40:04,923 - __main__ - WARNING - Erro ao enviar ping: 'Client' object has no attribute 'ping'
2025-10-21 13:40:05,929 - __main__ - WARNING - Erro ao enviar ping: 'Client' object has no attribute 'ping'
2025-10-21 13:40:06,930 - __main__ - WARNING - Erro ao enviar ping: 'Client' object has no attribute 'ping'
2025-10-21 13:40:07,932 - __main__ - WARNING - Erro ao enviar ping: 'Client' object has no attribute 'ping'
2025-10-21 13:40:08,934 - __main__ - WARNING - Erro ao enviar ping: 'Client' object has no attribute 'ping'
2025-10-21 13:40:09,941 - __main__ - WARNING - Erro ao enviar ping: 'Client' object has no attribute 'ping'
2025-10-21 13:40:10,964 - __main__ - INFO - Colisão #1 detectada: Teste de conectividade com broker local
2025-10-21 13:40:10,964 - __main__ - WARNING - Erro ao enviar ping: 'Client' object has no attribute 'ping'
2025-10-21 13:40:11,967 - __main__ - WARNING - Erro ao enviar ping: 'Client' object has no attribute 'ping'
2025-10-21 13:40:12,968 - __main__ - WARNING - Erro ao enviar ping: 'Client' object has no attribute 'ping'
2025-10-21 13:40:13,971 - __main__ - WARNING - Erro ao enviar ping: 'Client' object has no attribute 'ping'
2025-10-21 13:40:14,973 - __main__ - WARNING - Erro ao enviar ping: 'Client' object has no attribute 'ping'
2025-10-21 13:40:15,975 - __main__ - WARNING - Erro ao enviar ping: 'Client' object has no attribute 'ping'
2025-10-21 13:40:16,976 - __main__ - WARNING - Erro ao enviar ping: 'Client' object has no attribute 'ping'
2025-10-21 13:40:17,979 - __main__ - WARNING - Erro ao enviar ping: 'Client' object has no attribute 'ping'
2025-10-21 13:40:18,980 - __main__ - WARNING - Erro ao enviar ping: 'Client' object has no attribute 'ping'
2025-10-21 13:40:19,983 - __main__ - WARNING - Erro ao enviar ping: 'Client' object has no attribute 'ping'
2025-10-21 13:40:20,985 - __main__ - WARNING - Erro ao enviar ping: 'Client' object has no attribute 'ping'
2025-10-21 13:40:21,987 - __main__ - WARNING - Erro ao enviar ping: 'Client' object has no attribute 'ping'
2025-10-21 13:40:22,989 - __main__ - WARNING - Erro ao enviar ping: 'Client' object has no attribute 'ping'
2025-10-21 13:40:23,991 - __main__ - WARNING - Erro ao enviar ping: 'Client' object has no attribute 'ping'
2025-10-21 13:40:24,994 - __main__ - WARNING - Erro ao enviar ping: 'Client' object has no attribute 'ping'
2025-10-21 13:40:25,996 - __main__ - WARNING - Erro ao enviar ping: 'Client' object has no attribute 'ping'
2025-10-21 13:40:26,998 - __main__ - WARNING - Erro ao enviar ping: 'Client' object has no attribute 'ping'
2025-10-21 13:40:28,002 - __main__ - WARNING - Erro ao enviar ping: 'Client' object has no attribute 'ping'
2025-10-21 13:40:29,008 - __main__ - WARNING - Erro ao enviar ping: 'Client' object has no attribute 'ping'
2025-10-21 13:40:30,010 - __main__ - WARNING - Erro ao enviar ping: 'Client' object has no attribute 'ping'
2025-10-21 13:40:31,013 - __main__ - WARNING - Erro ao enviar ping: 'Client' object has no attribute 'ping'
2025-10-21 13:40:32,015 - __main__ - WARNING - Erro ao enviar ping: 'Client' object has no attribute 'ping'
2025-10-21 13:40:33,017 - __main__ - WARNING - Erro ao enviar ping: 'Client' object has no attribute 'ping'
2025-10-21 13:40:34,019 - __main__ - WARNING - Erro ao enviar ping: 'Client' object has no attribute 'ping'
2025-10-21 13:40:35,021 - __main__ - WARNING - Erro ao enviar ping: 'Client' object has no attribute 'ping'
2025-10-21 13:40:36,023 - __main__ - WARNING - Erro ao enviar ping: 'Client' object has no attribute 'ping'
2025-10-21 13:40:37,025 - __main__ - WARNING - Erro ao enviar ping: 'Client' object has no attribute 'ping'
2025-10-21 13:40:38,028 - __main__ - WARNING - Erro ao enviar ping: 'Client' object has no attribute 'ping'
2025-10-21 13:40:39,030 - __main__ - WARNING - Erro ao enviar ping: 'Client' object has no attribute 'ping'
2025-10-21 13:40:40,031 - __main__ - WARNING - Erro ao enviar ping: 'Client' object has no attribute 'ping'
2025-10-21 13:40:41,033 - __main__ - WARNING - Erro ao enviar ping: 'Client' object has no attribute 'ping'
2025-10-21 13:40:42,037 - __main__ - WARNING - Erro ao enviar ping: 'Client' object has no attribute 'ping'
2025-10-21 13:40:43,039 - __main__ - WARNING - Erro ao enviar ping: 'Client' object has no attribute 'ping'
2025-10-21 13:40:44,041 - __main__ - WARNING - Erro ao enviar ping: 'Client' object has no attribute 'ping'
2025-10-21 13:40:45,044 - __main__ - WARNING - Erro ao enviar ping: 'Client' object has no attribute 'ping'
2025-10-21 13:40:46,046 - __main__ - WARNING - Erro ao enviar ping: 'Client' object has no attribute 'ping'
2025-10-21 13:40:47,049 - __main__ - WARNING - Erro ao enviar ping: 'Client' object has no attribute 'ping'
2025-10-21 13:40:48,051 - __main__ - WARNING - Erro ao enviar ping: 'Client' object has no attribute 'ping'
2025-10-21 13:40:49,053 - __main__ - WARNING - Erro ao enviar ping: 'Client' object has no attribute 'ping'
2025-10-21 13:40:50,055 - __main__ - WARNING - Erro ao enviar ping: 'Client' object has no attribute 'ping'
2025-10-21 13:40:51,057 - __main__ - WARNING - Erro ao enviar ping: 'Client' object has no attribute 'ping'
2025-10-21 13:40:52,060 - __main__ - WARNING - Erro ao enviar ping: 'Client' object has no attribute 'ping'
2025-10-21 13:40:53,062 - __main__ - WARNING - Erro ao enviar ping: 'Client' object has no attribute 'ping'
2025-10-21 13:40:54,065 - __main__ - WARNING - Erro ao enviar ping: 'Client' object has no attribute 'ping'
2025-10-21 13:40:55,066 - __main__ - WARNING - Erro ao enviar ping: 'Client' object has no attribute 'ping'
2025-10-21 13:40:56,068 - __main__ - WARNING - Erro ao enviar ping: 'Client' object has no attribute 'ping'
2025-10-21 13:40:57,070 - __main__ - WARNING - Erro ao enviar ping: 'Client' object has no attribute 'ping'
2025-10-21 13:40:58,072 - __main__ - WARNING - Erro ao enviar ping: 'Client' object has no attribute 'ping'
2025-10-21 13:40:59,074 - __main__ - WARNING - Erro ao enviar ping: 'Client' object has no attribute 'ping'
2025-10-21 13:41:00,077 - __main__ - WARNING - Erro ao enviar ping: 'Client' object has no attribute 'ping'
2025-10-21 13:41:01,079 - __main__ - WARNING - Erro ao enviar ping: 'Client' object has no attribute 'ping'
2025-10-21 13:41:02,081 - __main__ - WARNING - Erro ao enviar ping: 'Client' object has no attribute 'ping'
2025-10-21 13:41:03,082 - __main__ - WARNING - Erro ao enviar ping: 'Client' object has no attribute 'ping'
2025-10-21 13:41:04,084 - __main__ - WARNING - Erro ao enviar ping: 'Client' object has no attribute 'ping'
2025-10-21 13:41:05,086 - __main__ - WARNING - Erro ao enviar ping: 'Client' object has no attribute 'ping'
2025-10-21 13:41:06,088 - __main__ - WARNING - Erro ao enviar ping: 'Client' object has no attribute 'ping'
2025-10-21 13:41:07,090 - __main__ - WARNING - Erro ao enviar ping: 'Client' object has no attribute 'ping'
2025-10-21 13:41:08,091 - __main__ - WARNING - Erro ao enviar ping: 'Client' object has no attribute 'ping'
2025-10-21 13:41:09,093 - __main__ - WARNING - Erro ao enviar ping: 'Client' object has no attribute 'ping'
2025-10-21 13:41:10,095 - __main__ - WARNING - Erro ao enviar ping: 'Client' object has no attribute 'ping'
2025-10-21 13:41:11,100 - __main__ - WARNING - Erro ao enviar ping: 'Client' object has no attribute 'ping'
2025-10-21 13:41:12,102 - __main__ - WARNING - Erro ao enviar ping: 'Client' object has no attribute 'ping'
2025-10-21 13:41:13,104 - __main__ - WARNING - Erro ao enviar ping: 'Client' object has no attribute 'ping'
2025-10-21 13:41:14,105 - __main__ - WARNING - Erro ao enviar ping: 'Client' object has no attribute 'ping'
2025-10-21 13:41:15,108 - __main__ - WARNING - Erro ao enviar ping: 'Client' object has no attribute 'ping'
2025-10-21 13:41:16,110 - __main__ - WARNING - Erro ao enviar ping: 'Client' object has no attribute 'ping'
2025-10-21 13:41:17,112 - __main__ - WARNING - Erro ao enviar ping: 'Client' object has no attribute 'ping'
2025-10-21 13:41:18,114 - __main__ - WARNING - Erro ao enviar ping: 'Client' object has no attribute 'ping'
2025-10-21 13:41:19,115 - __main__ - WARNING - Erro ao enviar ping: 'Client' object has no attribute 'ping'
2025-10-21 13:41:20,117 - __main__ - WARNING - Erro ao enviar ping: 'Client' object has no attribute 'ping'
2025-10-21 13:41:21,119 - __main__ - WARNING - Erro ao enviar ping: 'Client' object has no attribute 'ping'
2025-10-21 13:41:22,122 - __main__ - WARNING - Erro ao enviar ping: 'Client' object has no attribute 'ping'
2025-10-21 13:41:23,124 - __main__ - WARNING - Erro ao enviar ping: 'Client' object has no attribute 'ping'
2025-10-21 13:41:24,127 - __main__ - WARNING - Erro ao enviar ping: 'Client' object has no attribute 'ping'
2025-10-21 13:41:25,128 - __main__ - WARNING - Erro ao enviar ping: 'Client' object has no attribute 'ping'
2025-10-21 13:41:26,132 - __main__ - WARNING - Erro ao enviar ping: 'Client' object has no attribute 'ping'
2025-10-21 13:41:27,133 - __main__ - WARNING - Erro ao enviar ping: 'Client' object has no attribute 'ping'
2025-10-21 13:41:28,136 - __main__ - WARNING - Erro ao enviar ping: 'Client' object has no attribute 'ping'
2025-10-21 13:41:29,138 - __main__ - WARNING - Erro ao enviar ping: 'Client' object has no attribute 'ping'
2025-10-21 13:41:30,140 - __main__ - WARNING - Erro ao enviar ping: 'Client' object has no attribute 'ping'
2025-10-21 13:41:31,142 - __main__ - WARNING - Erro ao enviar ping: 'Client' object has no attribute 'ping'
2025-10-21 13:41:32,145 - __main__ - WARNING - Erro ao enviar ping: 'Client' object has no attribute 'ping'
2025-10-21 13:41:33,149 - __main__ - WARNING - Erro ao enviar ping: 'Client' object has no attribute 'ping'
2025-10-21 13:41:34,151 - __main__ - WARNING - Erro ao enviar ping: 'Client' object has no attribute 'ping'
2025-10-21 13:41:35,153 - __main__ - WARNING - Erro ao enviar ping: 'Client' object has no attribute 'ping'
2025-10-21 13:41:36,155 - __main__ - WARNING - Erro ao enviar ping: 'Client' object has no attribute 'ping'
2025-10-21 13:41:37,157 - __main__ - WARNING - Erro ao enviar ping: 'Client' object has no attribute 'ping'
2025-10-21 13:41:38,161 - __main__ - WARNING - Erro ao enviar ping: 'Client' object has no attribute 'ping'
2025-10-21 13:41:39,171 - __main__ - WARNING - Erro ao enviar ping: 'Client' object has no attribute 'ping'
2025-10-21 13:41:40,182 - __main__ - WARNING - Erro ao enviar ping: 'Client' object has no attribute 'ping'
2025-10-21 13:41:41,190 - __main__ - WARNING - Erro ao enviar ping: 'Client' object has no attribute 'ping'
2025-10-21 13:41:42,192 - __main__ - WARNING - Erro ao enviar ping: 'Client' object has no attribute 'ping'
2025-10-21 13:41:43,194 - __main__ - WARNING - Erro ao enviar ping: 'Client' object has no attribute 'ping'
2025-10-21 13:41:44,196 - __main__ - WARNING - Erro ao enviar ping: 'Client' object has no attribute 'ping'
2025-10-21 13:41:45,198 - __main__ - WARNING - Erro ao enviar ping: 'Client' object has no attribute 'ping'
2025-10-21 13:41:46,200 - __main__ - WARNING - Erro ao enviar ping: 'Client' object has no attribute 'ping'
2025-10-21 13:41:47,201 - __main__ - WARNING - Erro ao enviar ping: 'Client' object has no attribute 'ping'
2025-10-21 13:41:48,203 - __main__ - WARNING - Erro ao enviar ping: 'Client' object has no attribute 'ping'
2025-10-21 13:41:49,205 - __main__ - WARNING - Erro ao enviar ping: 'Client' object has no attribute 'ping'
2025-10-21 13:41:50,207 - __main__ - WARNING - Erro ao enviar ping: 'Client' object has no attribute 'ping'
2025-10-21 13:41:51,210 - __main__ - WARNING - Erro ao enviar ping: 'Client' object has no attribute 'ping'
2025-10-21 13:41:52,218 - __main__ - WARNING - Erro ao enviar ping: 'Client' object has no attribute 'ping'
2025-10-21 13:41:53,235 - __main__ - WARNING - Erro ao enviar ping: 'Client' object has no attribute 'ping'
2025-10-21 13:41:54,238 - __main__ - WARNING - Erro ao enviar ping: 'Client' object has no attribute 'ping'
2025-10-21 13:41:55,240 - __main__ - WARNING - Erro ao enviar ping: 'Client' object has no attribute 'ping'
2025-10-21 13:41:56,242 - __main__ - WARNING - Erro ao enviar ping: 'Client' object has no attribute 'ping'
2025-10-21 13:41:57,244 - __main__ - WARNING - Erro ao enviar ping: 'Client' object has no attribute 'ping'
2025-10-21 13:41:58,251 - __main__ - WARNING - Erro ao enviar ping: 'Client' object has no attribute 'ping'
2025-10-21 13:41:59,252 - __main__ - WARNING - Erro ao enviar ping: 'Client' object has no attribute 'ping'
2025-10-21 13:42:00,258 - __main__ - WARNING - Erro ao enviar ping: 'Client' object has no attribute 'ping'
2025-10-21 13:42:01,260 - __main__ - WARNING - Erro ao enviar ping: 'Client' object has no attribute 'ping'
2025-10-21 13:42:02,262 - __main__ - WARNING - Erro ao enviar ping: 'Client' object has no attribute 'ping'
2025-10-21 13:42:03,264 - __main__ - WARNING - Erro ao enviar ping: 'Client' object has no attribute 'ping'
2025-10-21 13:42:04,267 - __main__ - WARNING - Erro ao enviar ping: 'Client' object has no attribute 'ping'
2025-10-21 13:42:05,268 - __main__ - WARNING - Erro ao enviar ping: 'Client' object has no attribute 'ping'
2025-10-21 13:42:06,271 - __main__ - WARNING - Erro ao enviar ping: 'Client' object has no attribute 'ping'
2025-10-21 13:42:07,273 - __main__ - WARNING - Erro ao enviar ping: 'Client' object has no attribute 'ping'
2025-10-21 13:42:08,275 - __main__ - WARNING - Erro ao enviar ping: 'Client' object has no attribute 'ping'
2025-10-21 13:42:09,277 - __main__ - WARNING - Erro ao enviar ping: 'Client' object has no attribute 'ping'
2025-10-21 13:42:10,279 - __main__ - WARNING - Erro ao enviar ping: 'Client' object has no attribute 'ping'
2025-10-21 13:42:11,280 - __main__ - WARNING - Erro ao enviar ping: 'Client' object has no attribute 'ping'
2025-10-21 13:42:12,286 - __main__ - WARNING - Erro ao enviar ping: 'Client' object has no attribute 'ping'
2025-10-21 13:42:13,294 - __main__ - WARNING - Erro ao enviar ping: 'Client' object has no attribute 'ping'
2025-10-21 13:42:14,323 - __main__ - WARNING - Erro ao enviar ping: 'Client' object has no attribute 'ping'
2025-10-21 13:42:15,325 - __main__ - WARNING - Erro ao enviar ping: 'Client' object has no attribute 'ping'
2025-10-21 13:42:16,327 - __main__ - WARNING - Erro ao enviar ping: 'Client' object has no attribute 'ping'
2025-10-21 13:42:17,329 - __main__ - WARNING - Erro ao enviar ping: 'Client' object has no attribute 'ping'
2025-10-21 13:42:18,330 - __main__ - WARNING - Erro ao enviar ping: 'Client' object has no attribute 'ping'
2025-10-21 13:42:19,332 - __main__ - WARNING - Erro ao enviar ping: 'Client' object has no attribute 'ping'
2025-10-21 13:42:20,334 - __main__ - WARNING - Erro ao enviar ping: 'Client' object has no attribute 'ping'
2025-10-21 13:42:21,336 - __main__ - WARNING - Erro ao enviar ping: 'Client' object has no attribute 'ping'
2025-10-21 13:42:22,338 - __main__ - WARNING - Erro ao enviar ping: 'Client' object has no attribute 'ping'
2025-10-21 13:42:23,340 - __main__ - WARNING - Erro ao enviar ping: 'Client' object has no attribute 'ping'
2025-10-21 13:42:24,342 - __main__ - WARNING - Erro ao enviar ping: 'Client' object has no attribute 'ping'
2025-10-21 13:42:25,344 - __main__ - WARNING - Erro ao enviar ping: 'Client' object has no attribute 'ping'
2025-10-21 13:42:26,345 - __main__ - WARNING - Erro ao enviar ping: 'Client' object has no attribute 'ping'
2025-10-21 13:42:27,352 - __main__ - WARNING - Erro ao enviar ping: 'Client' object has no attribute 'ping'
2025-10-21 13:42:28,360 - __main__ - WARNING - Erro ao enviar ping: 'Client' object has no attribute 'ping'
2025-10-21 13:42:29,362 - __main__ - WARNING - Erro ao enviar ping: 'Client' object has no attribute 'ping'
2025-10-21 13:42:30,364 - __main__ - WARNING - Erro ao enviar ping: 'Client' object has no attribute 'ping'
2025-10-21 13:42:31,365 - __main__ - WARNING - Erro ao enviar ping: 'Client' object has no attribute 'ping'
2025-10-21 13:42:32,367 - __main__ - WARNING - Erro ao enviar ping: 'Client' object has no attribute 'ping'
2025-10-21 13:42:33,369 - __main__ - WARNING - Erro ao enviar ping: 'Client' object has no attribute 'ping'
2025-10-21 13:42:34,371 - __main__ - WARNING - Erro ao enviar ping: 'Client' object has no attribute 'ping'
2025-10-21 13:42:35,374 - __main__ - WARNING - Erro ao enviar ping: 'Client' object has no attribute 'ping'
2025-10-21 13:42:36,376 - __main__ - WARNING - Erro ao enviar ping: 'Client' object has no attribute 'ping'
2025-10-21 13:42:37,378 - __main__ - WARNING - Erro ao enviar ping: 'Client' object has no attribute 'ping'
2025-10-21 13:42:38,380 - __main__ - WARNING - Erro ao enviar ping: 'Client' object has no attribute 'ping'
2025-10-21 13:42:39,382 - __main__ - WARNING - Erro ao enviar ping: 'Client' object has no attribute 'ping'
2025-10-21 13:42:40,385 - __main__ - WARNING - Erro ao enviar ping: 'Client' object has no attribute 'ping'
2025-10-21 13:42:41,386 - __main__ - WARNING - Erro ao enviar ping: 'Client' object has no attribute 'ping'
2025-10-21 13:42:42,388 - __main__ - WARNING - Erro ao enviar ping: 'Client' object has no attribute 'ping'
2025-10-21 13:42:43,391 - __main__ - WARNING - Erro ao enviar ping: 'Client' object has no attribute 'ping'
2025-10-21 13:42:44,393 - __main__ - WARNING - Erro ao enviar ping: 'Client' object has no attribute 'ping'
2025-10-21 13:42:45,395 - __main__ - WARNING - Erro ao enviar ping: 'Client' object has no attribute 'ping'
2025-10-21 13:42:46,398 - __main__ - WARNING - Erro ao enviar ping: 'Client' object has no attribute 'ping'
2025-10-21 13:42:47,400 - __main__ - WARNING - Erro ao enviar ping: 'Client' object has no attribute 'ping'
2025-10-21 13:42:48,408 - __main__ - WARNING - Erro ao enviar ping: 'Client' object has no attribute 'ping'
2025-10-21 13:42:49,410 - __main__ - WARNING - Erro ao enviar ping: 'Client' object has no attribute 'ping'
2025-10-21 13:42:50,412 - __main__ - WARNING - Erro ao enviar ping: 'Client' object has no attribute 'ping'
2025-10-21 13:42:51,414 - __main__ - WARNING - Erro ao enviar ping: 'Client' object has no attribute 'ping'
2025-10-21 13:42:52,416 - __main__ - WARNING - Erro ao enviar ping: 'Client' object has no attribute 'ping'
2025-10-21 13:42:53,418 - __main__ - WARNING - Erro ao enviar ping: 'Client' object has no attribute 'ping'
2025-10-21 13:42:54,420 - __main__ - WARNING - Erro ao enviar ping: 'Client' object has no attribute 'ping'
2025-10-21 13:42:55,423 - __main__ - WARNING - Erro ao enviar ping: 'Client' object has no attribute 'ping'
2025-10-21 13:42:56,425 - __main__ - WARNING - Erro ao enviar ping: 'Client' object has no attribute 'ping'
2025-10-21 13:42:57,427 - __main__ - WARNING - Erro ao enviar ping: 'Client' object has no attribute 'ping'
2025-10-21 13:42:58,429 - __main__ - WARNING - Erro ao enviar ping: 'Client' object has no attribute 'ping'
2025-10-21 13:42:59,431 - __main__ - WARNING - Erro ao enviar ping: 'Client' object has no attribute 'ping'
2025-10-21 13:43:00,432 - __main__ - WARNING - Erro ao enviar ping: 'Client' object has no attribute 'ping'
2025-10-21 13:43:01,434 - __main__ - WARNING - Erro ao enviar ping: 'Client' object has no attribute 'ping'
2025-10-21 13:43:02,436 - __main__ - WARNING - Erro ao enviar ping: 'Client' object has no attribute 'ping'
2025-10-21 13:43:03,438 - __main__ - WARNING - Erro ao enviar ping: 'Client' object has no attribute 'ping'
2025-10-21 13:43:04,439 - __main__ - WARNING - Erro ao enviar ping: 'Client' object has no attribute 'ping'
2025-10-21 13:43:05,189 - __main__ - INFO - Sistema de Detecção de Colisão iniciado
2025-10-21 13:43:05,205 - __main__ - INFO - Dados carregados: 1 colisões
2025-10-21 13:43:05,231 - __main__ - INFO - Sistema em execução
2025-10-21 13:43:05,233 - __main__ - INFO - Conectado ao broker MQTT com sucesso
2025-10-21 13:43:05,441 - __main__ - WARNING - Erro ao enviar ping: 'Client' object has no attribute 'ping'
2025-10-21 13:43:06,443 - __main__ - WARNING - Erro ao enviar ping: 'Client' object has no attribute 'ping'
2025-10-21 13:43:07,445 - __main__ - WARNING - Erro ao enviar ping: 'Client' object has no attribute 'ping'
2025-10-21 13:43:08,448 - __main__ - WARNING - Erro ao enviar ping: 'Client' object has no attribute 'ping'
2025-10-21 13:43:09,449 - __main__ - WARNING - Erro ao enviar ping: 'Client' object has no attribute 'ping'
2025-10-21 13:43:10,452 - __main__ - WARNING - Erro ao enviar ping: 'Client' object has no attribute 'ping'
2025-10-21 13:43:11,454 - __main__ - WARNING - Erro ao enviar ping: 'Client' object has no attribute 'ping'
2025-10-21 13:43:12,455 - __main__ - WARNING - Erro ao enviar ping: 'Client' object has no attribute 'ping'
2025-10-21 13:43:13,457 - __main__ - WARNING - Erro ao enviar ping: 'Client' object has no attribute 'ping'
2025-10-21 13:43:14,460 - __main__ - WARNING - Erro ao enviar ping: 'Client' object has no attribute 'ping'
2025-10-21 13:43:15,461 - __main__ - WARNING - Erro ao enviar ping: 'Client' object has no attribute 'ping'
2025-10-21 13:43:16,463 - __main__ - WARNING - Erro ao enviar ping: 'Client' object has no attribute 'ping'
2025-10-21 13:43:17,465 - __main__ - WARNING - Erro ao enviar ping: 'Client' object has no attribute 'ping'
2025-10-21 13:43:18,467 - __main__ - WARNING - Erro ao enviar ping: 'Client' object has no attribute 'ping'
2025-10-21 13:43:19,468 - __main__ - WARNING - Erro ao enviar ping: 'Client' object has no attribute 'ping'
2025-10-21 13:43:20,058 - __main__ - INFO - Colisão #2 detectada: Colisão #1 detectada no sensor_b
2025-10-21 13:43:20,470 - __main__ - WARNING - Erro ao enviar ping: 'Client' object has no attribute 'ping'
2025-10-21 13:43:21,061 - __main__ - INFO - Colisão #3 detectada: Colisão #2 detectada no sensor_a
2025-10-21 13:43:21,472 - __main__ - WARNING - Erro ao enviar ping: 'Client' object has no attribute 'ping'
2025-10-21 13:43:22,473 - __main__ - WARNING - Erro ao enviar ping: 'Client' object has no attribute 'ping'
2025-10-21 13:43:23,475 - __main__ - WARNING - Erro ao enviar ping: 'Client' object has no attribute 'ping'
2025-10-21 13:43:24,477 - __main__ - WARNING - Erro ao enviar ping: 'Client' object has no attribute 'ping'
2025-10-21 13:43:25,478 - __main__ - WARNING - Erro ao enviar ping: 'Client' object has no attribute 'ping'
2025-10-21 13:43:26,065 - __main__ - INFO - Colisão #4 detectada: Colisão #3 detectada no sensor_a
2025-10-21 13:43:26,481 - __main__ - WARNING - Erro ao enviar ping: 'Client' object has no attribute 'ping'
2025-10-21 13:43:27,482 - __main__ - WARNING - Erro ao enviar ping: 'Client' object has no attribute 'ping'
2025-10-21 13:43:28,484 - __main__ - WARNING - Erro ao enviar ping: 'Client' object has no attribute 'ping'
2025-10-21 13:43:29,072 - __main__ - INFO - Colisão #5 detectada: Colisão #4 detectada no sensor_d
2025-10-21 13:43:29,486 - __main__ - WARNING - Erro ao enviar ping: 'Client' object has no attribute 'ping'
2025-10-21 13:43:30,488 - __main__ - WARNING - Erro ao enviar ping: 'Client' object has no attribute 'ping'
2025-10-21 13:43:31,490 - __main__ - WARNING - Erro ao enviar ping: 'Client' object has no attribute 'ping'
2025-10-21 13:43:32,492 - __main__ - WARNING - Erro ao enviar ping: 'Client' object has no attribute 'ping'
2025-10-21 13:43:33,494 - __main__ - WARNING - Erro ao enviar ping: 'Client' object has no attribute 'ping'
2025-10-21 13:43:34,074 - __main__ - INFO - Colisão #6 detectada: Colisão #5 detectada no sensor_a
2025-10-21 13:43:34,496 - __main__ - WARNING - Erro ao enviar ping: 'Client' object has no attribute 'ping'
2025-10-21 13:43:35,075 - __main__ - INFO - Colisão #7 detectada: Colisão #6 detectada no sensor_b
2025-10-21 13:43:35,498 - __main__ - WARNING - Erro ao enviar ping: 'Client' object has no attribute 'ping'
2025-10-21 13:43:36,500 - __main__ - WARNING - Erro ao enviar ping: 'Client' object has no attribute 'ping'
2025-10-21 13:43:37,502 - __main__ - WARNING - Erro ao enviar ping: 'Client' object has no attribute 'ping'
2025-10-21 13:43:38,079 - __main__ - INFO - Colisão #8 detectada: Colisão #7 detectada no sensor_a
2025-10-21 13:43:38,504 - __main__ - WARNING - Erro ao enviar ping: 'Client' object has no attribute 'ping'
2025-10-21 13:43:39,081 - __main__ - INFO - Colisão #9 detectada: Colisão #8 detectada no sensor_c
2025-10-21 13:43:39,505 - __main__ - WARNING - Erro ao enviar ping: 'Client' object has no attribute 'ping'
2025-10-21 13:43:40,508 - __main__ - WARNING - Erro ao enviar ping: 'Client' object has no attribute 'ping'
2025-10-21 13:43:41,083 - __main__ - INFO - Colisão #10 detectada: Colisão #9 detectada no sensor_a
2025-10-21 13:43:41,509 - __main__ - WARNING - Erro ao enviar ping: 'Client' object has no attribute 'ping'
2025-10-21 13:43:42,511 - __main__ - WARNING - Erro ao enviar ping: 'Client' object has no attribute 'ping'
2025-10-21 13:43:43,513 - __main__ - WARNING - Erro ao enviar ping: 'Client' object has no attribute 'ping'
2025-10-21 13:43:44,514 - __main__ - WARNING - Erro ao enviar ping: 'Client' object has no attribute 'ping'
2025-10-21 13:43:45,087 - __main__ - INFO - Colisão #11 detectada: Colisão #10 detectada no sensor_a
2025-10-21 13:43:45,516 - __main__ - WARNING - Erro ao enviar ping: 'Client' object has no attribute 'ping'
2025-10-21 13:43:46,518 - __main__ - WARNING - Erro ao enviar ping: 'Client' object has no attribute 'ping'
2025-10-21 13:43:47,086 - __main__ - WARNING - Taxa alta de colisões: 11 no último minuto
2025-10-21 13:43:47,086 - __main__ - INFO - Colisão #12 detectada: Colisão #11 detectada no sensor_c
2025-10-21 13:43:47,519 - __main__ - WARNING - Erro ao enviar ping: 'Client' object has no attribute 'ping'
2025-10-21 13:43:48,521 - __main__ - WARNING - Erro ao enviar ping: 'Client' object has no attribute 'ping'
2025-10-21 13:43:49,088 - __main__ - WARNING - Taxa alta de colisões: 12 no último minuto
2025-10-21 13:43:49,094 - __main__ - INFO - Colisão #13 detectada: Colisão #12 detectada no sensor_d
2025-10-21 13:43:49,523 - __main__ - WARNING - Erro ao enviar ping: 'Client' object has no attribute 'ping'
2025-10-21 13:43:50,095 - __main__ - WARNING - Taxa alta de colisões: 13 no último minuto
2025-10-21 13:43:50,096 - __main__ - INFO - Colisão #14 detectada: Colisão #13 detectada no sensor_c
2025-10-21 13:43:50,525 - __main__ - WARNING - Erro ao enviar ping: 'Client' object has no attribute 'ping'
2025-10-21 13:43:51,527 - __main__ - WARNING - Erro ao enviar ping: 'Client' object has no attribute 'ping'
2025-10-21 13:43:52,529 - __main__ - WARNING - Erro ao enviar ping: 'Client' object has no attribute 'ping'
2025-10-21 13:43:53,531 - __main__ - WARNING - Erro ao enviar ping: 'Client' object has no attribute 'ping'
2025-10-21 13:43:54,533 - __main__ - WARNING - Erro ao enviar ping: 'Client' object has no attribute 'ping'
2025-10-21 13:43:55,096 - __main__ - WARNING - Taxa alta de colisões: 14 no último minuto
2025-10-21 13:43:55,098 - __main__ - INFO - Colisão #15 detectada: Colisão #14 detectada no sensor_b
2025-10-21 13:43:55,535 - __main__ - WARNING - Erro ao enviar ping: 'Client' object has no attribute 'ping'
2025-10-21 13:43:56,559 - __main__ - WARNING - Erro ao enviar ping: 'Client' object has no attribute 'ping'
2025-10-21 13:43:57,561 - __main__ - WARNING - Erro ao enviar ping: 'Client' object has no attribute 'ping'
2025-10-21 13:43:58,563 - __main__ - WARNING - Erro ao enviar ping: 'Client' object has no attribute 'ping'
2025-10-21 13:43:59,565 - __main__ - WARNING - Erro ao enviar ping: 'Client' object has no attribute 'ping'
2025-10-21 13:44:00,105 - __main__ - WARNING - Taxa alta de colisões: 15 no último minuto
2025-10-21 13:44:00,107 - __main__ - INFO - Colisão #16 detectada: Colisão #15 detectada no sensor_b
2025-10-21 13:44:00,568 - __main__ - WARNING - Erro ao enviar ping: 'Client' object has no attribute 'ping'
2025-10-21 13:44:01,570 - __main__ - WARNING - Erro ao enviar ping: 'Client' object has no attribute 'ping'
2025-10-21 13:44:02,125 - __main__ - WARNING - Taxa alta de colisões: 16 no último minuto
2025-10-21 13:44:02,125 - __main__ - INFO - Colisão #17 detectada: Colisão #16 detectada no sensor_c
2025-10-21 13:44:02,572 - __main__ - WARNING - Erro ao enviar ping: 'Client' object has no attribute 'ping'
2025-10-21 13:44:03,118 - __main__ - WARNING - Taxa alta de colisões: 17 no último minuto
2025-10-21 13:44:03,120 - __main__ - INFO - Colisão #18 detectada: Colisão #17 detectada no sensor_c
2025-10-21 13:44:03,573 - __main__ - WARNING - Erro ao enviar ping: 'Client' object has no attribute 'ping'
2025-10-21 13:44:04,575 - __main__ - WARNING - Erro ao enviar ping: 'Client' object has no attribute 'ping'
2025-10-21 13:44:05,577 - __main__ - WARNING - Erro ao enviar ping: 'Client' object has no attribute 'ping'
2025-10-21 13:44:06,579 - __main__ - WARNING - Erro ao enviar ping: 'Client' object has no attribute 'ping'
2025-10-21 13:44:07,581 - __main__ - WARNING - Erro ao enviar ping: 'Client' object has no attribute 'ping'
2025-10-21 13:44:08,121 - __main__ - WARNING - Taxa alta de colisões: 18 no último minuto
2025-10-21 13:44:08,123 - __main__ - INFO - Colisão #19 detectada: Colisão #18 detectada no sensor_a
2025-10-21 13:44:08,583 - __main__ - WARNING - Erro ao enviar ping: 'Client' object has no attribute 'ping'
2025-10-21 13:44:09,585 - __main__ - WARNING - Erro ao enviar ping: 'Client' object has no attribute 'ping'
2025-10-21 13:44:10,125 - __main__ - WARNING - Taxa alta de colisões: 19 no último minuto
2025-10-21 13:44:10,127 - __main__ - INFO - Colisão #20 detectada: Colisão #19 detectada no sensor_a
2025-10-21 13:44:10,588 - __main__ - WARNING - Erro ao enviar ping: 'Client' object has no attribute 'ping'
2025-10-21 13:44:11,589 - __main__ - WARNING - Erro ao enviar ping: 'Client' object has no attribute 'ping'
2025-10-21 13:44:12,591 - __main__ - WARNING - Erro ao enviar ping: 'Client' object has no attribute 'ping'
2025-10-21 13:44:13,593 - __main__ - WARNING - Erro ao enviar ping: 'Client' object has no attribute 'ping'
2025-10-21 13:44:14,596 - __main__ - WARNING - Erro ao enviar ping: 'Client' object has no attribute 'ping'
2025-10-21 13:44:15,127 - __main__ - WARNING - Taxa alta de colisões: 20 no último minuto
2025-10-21 13:44:15,131 - __main__ - INFO - Colisão #21 detectada: Colisão #20 detectada no sensor_d
2025-10-21 13:44:15,597 - __main__ - WARNING - Erro ao enviar ping: 'Client' object has no attribute 'ping'
2025-10-21 13:44:16,599 - __main__ - WARNING - Erro ao enviar ping: 'Client' object has no attribute 'ping'
2025-10-21 13:44:17,601 - __main__ - WARNING - Erro ao enviar ping: 'Client' object has no attribute 'ping'
2025-10-21 13:44:18,603 - __main__ - WARNING - Erro ao enviar ping: 'Client' object has no attribute 'ping'
2025-10-21 13:44:19,129 - __main__ - WARNING - Taxa alta de colisões: 21 no último minuto
2025-10-21 13:44:19,131 - __main__ - INFO - Colisão #22 detectada: Colisão #21 detectada no sensor_b
2025-10-21 13:44:19,605 - __main__ - WARNING - Erro ao enviar ping: 'Client' object has no attribute 'ping'
2025-10-21 13:44:20,606 - __main__ - WARNING - Erro ao enviar ping: 'Client' object has no attribute 'ping'
2025-10-21 13:44:21,608 - __main__ - WARNING - Erro ao enviar ping: 'Client' object has no attribute 'ping'
2025-10-21 13:44:22,610 - __main__ - WARNING - Erro ao enviar ping: 'Client' object has no attribute 'ping'
2025-10-21 13:44:23,612 - __main__ - WARNING - Erro ao enviar ping: 'Client' object has no attribute 'ping'
2025-10-21 13:44:24,130 - __main__ - WARNING - Taxa alta de colisões: 20 no último minuto
2025-10-21 13:44:24,130 - __main__ - INFO - Colisão #23 detectada: Colisão #22 detectada no sensor_c
2025-10-21 13:44:24,616 - __main__ - WARNING - Erro ao enviar ping: 'Client' object has no attribute 'ping'
2025-10-21 13:44:25,623 - __main__ - WARNING - Erro ao enviar ping: 'Client' object has no attribute 'ping'
2025-10-21 13:44:26,142 - __main__ - WARNING - Taxa alta de colisões: 20 no último minuto
2025-10-21 13:44:26,155 - __main__ - INFO - Colisão #24 detectada: Colisão #23 detectada no sensor_b
2025-10-21 13:44:26,626 - __main__ - WARNING - Erro ao enviar ping: 'Client' object has no attribute 'ping'
2025-10-21 13:44:27,628 - __main__ - WARNING - Erro ao enviar ping: 'Client' object has no attribute 'ping'
2025-10-21 13:44:28,630 - __main__ - WARNING - Erro ao enviar ping: 'Client' object has no attribute 'ping'
2025-10-21 13:44:29,633 - __main__ - WARNING - Erro ao enviar ping: 'Client' object has no attribute 'ping'
2025-10-21 13:44:30,145 - __main__ - WARNING - Taxa alta de colisões: 20 no último minuto
2025-10-21 13:44:30,147 - __main__ - INFO - Colisão #25 detectada: Colisão #24 detectada no sensor_c
2025-10-21 13:44:30,636 - __main__ - WARNING - Erro ao enviar ping: 'Client' object has no attribute 'ping'
2025-10-21 13:44:31,637 - __main__ - WARNING - Erro ao enviar ping: 'Client' object has no attribute 'ping'
2025-10-21 13:44:32,639 - __main__ - WARNING - Erro ao enviar ping: 'Client' object has no attribute 'ping'
2025-10-21 13:44:33,640 - __main__ - WARNING - Erro ao enviar ping: 'Client' object has no attribute 'ping'
2025-10-21 13:44:34,160 - __main__ - WARNING - Taxa alta de colisões: 20 no último minuto
2025-10-21 13:44:34,164 - __main__ - INFO - Colisão #26 detectada: Colisão #25 detectada no sensor_a
2025-10-21 13:44:34,642 - __main__ - WARNING - Erro ao enviar ping: 'Client' object has no attribute 'ping'
2025-10-21 13:44:35,644 - __main__ - WARNING - Erro ao enviar ping: 'Client' object has no attribute 'ping'
2025-10-21 13:44:36,646 - __main__ - WARNING - Erro ao enviar ping: 'Client' object has no attribute 'ping'
2025-10-21 13:44:37,651 - __main__ - WARNING - Erro ao enviar ping: 'Client' object has no attribute 'ping'
2025-10-21 13:44:38,658 - __main__ - WARNING - Erro ao enviar ping: 'Client' object has no attribute 'ping'
2025-10-21 13:44:39,160 - __main__ - WARNING - Taxa alta de colisões: 18 no último minuto
2025-10-21 13:44:39,161 - __main__ - INFO - Colisão #27 detectada: Colisão #26 detectada no sensor_d
2025-10-21 13:44:39,672 - __main__ - WARNING - Erro ao enviar ping: 'Client' object has no attribute 'ping'
2025-10-21 13:44:40,163 - __main__ - WARNING - Taxa alta de colisões: 19 no último minuto
2025-10-21 13:44:40,165 - __main__ - INFO - Colisão #28 detectada: Colisão #27 detectada no sensor_a
2025-10-21 13:44:40,674 - __main__ - WARNING - Erro ao enviar ping: 'Client' object has no attribute 'ping'
2025-10-21 13:44:41,676 - __main__ - WARNING - Erro ao enviar ping: 'Client' object has no attribute 'ping'
2025-10-21 13:44:42,678 - __main__ - WARNING - Erro ao enviar ping: 'Client' object has no attribute 'ping'
2025-10-21 13:44:43,164 - __main__ - WARNING - Taxa alta de colisões: 19 no último minuto
2025-10-21 13:44:43,166 - __main__ - INFO - Colisão #29 detectada: Colisão #28 detectada no sensor_b
2025-10-21 13:44:43,681 - __main__ - WARNING - Erro ao enviar ping: 'Client' object has no attribute 'ping'
2025-10-21 13:44:44,683 - __main__ - WARNING - Erro ao enviar ping: 'Client' object has no attribute 'ping'
2025-10-21 13:44:45,685 - __main__ - WARNING - Erro ao enviar ping: 'Client' object has no attribute 'ping'
2025-10-21 13:44:46,169 - __main__ - WARNING - Taxa alta de colisões: 19 no último minuto
2025-10-21 13:44:46,172 - __main__ - INFO - Colisão #30 detectada: Colisão #29 detectada no sensor_d
2025-10-21 13:44:46,687 - __main__ - WARNING - Erro ao enviar ping: 'Client' object has no attribute 'ping'
2025-10-21 13:44:47,688 - __main__ - WARNING - Erro ao enviar ping: 'Client' object has no attribute 'ping'
2025-10-21 13:44:48,177 - __main__ - WARNING - Taxa alta de colisões: 19 no último minuto
2025-10-21 13:44:48,181 - __main__ - INFO - Colisão #31 detectada: Colisão #30 detectada no sensor_d
2025-10-21 13:44:48,690 - __main__ - WARNING - Erro ao enviar ping: 'Client' object has no attribute 'ping'
2025-10-21 13:44:49,175 - __main__ - WARNING - Taxa alta de colisões: 19 no último minuto
2025-10-21 13:44:49,177 - __main__ - INFO - Colisão #32 detectada: Colisão #31 detectada no sensor_a
2025-10-21 13:44:49,723 - __main__ - WARNING - Erro ao enviar ping: 'Client' object has no attribute 'ping'
2025-10-21 13:44:50,725 - __main__ - WARNING - Erro ao enviar ping: 'Client' object has no attribute 'ping'
2025-10-21 13:44:51,727 - __main__ - WARNING - Erro ao enviar ping: 'Client' object has no attribute 'ping'
2025-10-21 13:44:52,729 - __main__ - WARNING - Erro ao enviar ping: 'Client' object has no attribute 'ping'
2025-10-21 13:44:53,179 - __main__ - WARNING - Taxa alta de colisões: 19 no último minuto
2025-10-21 13:44:53,179 - __main__ - INFO - Colisão #33 detectada: Colisão #32 detectada no sensor_c
2025-10-21 13:44:53,731 - __main__ - WARNING - Erro ao enviar ping: 'Client' object has no attribute 'ping'
2025-10-21 13:44:54,733 - __main__ - WARNING - Erro ao enviar ping: 'Client' object has no attribute 'ping'
2025-10-21 13:44:55,735 - __main__ - WARNING - Erro ao enviar ping: 'Client' object has no attribute 'ping'
2025-10-21 13:44:56,184 - __main__ - WARNING - Taxa alta de colisões: 19 no último minuto
2025-10-21 13:44:56,188 - __main__ - INFO - Colisão #34 detectada: Colisão #33 detectada no sensor_c
2025-10-21 13:44:56,738 - __main__ - WARNING - Erro ao enviar ping: 'Client' object has no attribute 'ping'
2025-10-21 13:44:57,741 - __main__ - WARNING - Erro ao enviar ping: 'Client' object has no attribute 'ping'
2025-10-21 13:44:58,743 - __main__ - WARNING - Erro ao enviar ping: 'Client' object has no attribute 'ping'
2025-10-21 13:44:59,745 - __main__ - WARNING - Erro ao enviar ping: 'Client' object has no attribute 'ping'
2025-10-21 13:45:00,747 - __main__ - WARNING - Erro ao enviar ping: 'Client' object has no attribute 'ping'
2025-10-21 13:45:01,184 - __main__ - WARNING - Taxa alta de colisões: 19 no último minuto
2025-10-21 13:45:01,184 - __main__ - INFO - Colisão #35 detectada: Colisão #34 detectada no sensor_c
2025-10-21 13:45:01,749 - __main__ - WARNING - Erro ao enviar ping: 'Client' object has no attribute 'ping'
2025-10-21 13:45:02,750 - __main__ - WARNING - Erro ao enviar ping: 'Client' object has no attribute 'ping'
2025-10-21 13:45:03,753 - __main__ - WARNING - Erro ao enviar ping: 'Client' object has no attribute 'ping'
2025-10-21 13:45:04,759 - __main__ - WARNING - Erro ao enviar ping: 'Client' object has no attribute 'ping'
2025-10-21 13:45:05,761 - __main__ - WARNING - Erro ao enviar ping: 'Client' object has no attribute 'ping'
2025-10-21 13:45:06,188 - __main__ - WARNING - Taxa alta de colisões: 18 no último minuto
2025-10-21 13:45:06,188 - __main__ - INFO - Colisão #36 detectada: Colisão #35 detectada no sensor_a
2025-10-21 13:45:06,763 - __main__ - WARNING - Erro ao enviar ping: 'Client' object has no attribute 'ping'
2025-10-21 13:45:07,765 - __main__ - WARNING - Erro ao enviar ping: 'Client' object has no attribute 'ping'
2025-10-21 13:45:08,766 - __main__ - WARNING - Erro ao enviar ping: 'Client' object has no attribute 'ping'
2025-10-21 13:45:09,200 - __main__ - WARNING - Taxa alta de colisões: 18 no último minuto
2025-10-21 13:45:09,203 - __main__ - INFO - Colisão #37 detectada: Colisão #36 detectada no sensor_a
2025-10-21 13:45:09,768 - __main__ - WARNING - Erro ao enviar ping: 'Client' object has no attribute 'ping'
2025-10-21 13:45:10,770 - __main__ - WARNING - Erro ao enviar ping: 'Client' object has no attribute 'ping'
2025-10-21 13:45:11,772 - __main__ - WARNING - Erro ao enviar ping: 'Client' object has no attribute 'ping'
2025-10-21 13:45:12,774 - __main__ - WARNING - Erro ao enviar ping: 'Client' object has no attribute 'ping'
2025-10-21 13:45:13,777 - __main__ - WARNING - Erro ao enviar ping: 'Client' object has no attribute 'ping'
2025-10-21 13:45:14,203 - __main__ - WARNING - Taxa alta de colisões: 18 no último minuto
2025-10-21 13:45:14,204 - __main__ - INFO - Colisão #38 detectada: Colisão #37 detectada no sensor_d
2025-10-21 13:45:14,779 - __main__ - WARNING - Erro ao enviar ping: 'Client' object has no attribute 'ping'
2025-10-21 13:45:15,781 - __main__ - WARNING - Erro ao enviar ping: 'Client' object has no attribute 'ping'
2025-10-21 13:45:16,783 - __main__ - WARNING - Erro ao enviar ping: 'Client' object has no attribute 'ping'
2025-10-21 13:45:17,785 - __main__ - WARNING - Erro ao enviar ping: 'Client' object has no attribute 'ping'
2025-10-21 13:45:18,786 - __main__ - WARNING - Erro ao enviar ping: 'Client' object has no attribute 'ping'
2025-10-21 13:45:19,204 - __main__ - WARNING - Taxa alta de colisões: 17 no último minuto
2025-10-21 13:45:19,204 - __main__ - INFO - Colisão #39 detectada: Colisão #38 detectada no sensor_a
2025-10-21 13:45:19,795 - __main__ - WARNING - Erro ao enviar ping: 'Client' object has no attribute 'ping'
2025-10-21 13:45:20,808 - __main__ - WARNING - Erro ao enviar ping: 'Client' object has no attribute 'ping'
2025-10-21 13:45:21,811 - __main__ - WARNING - Erro ao enviar ping: 'Client' object has no attribute 'ping'
2025-10-21 13:45:22,815 - __main__ - WARNING - Erro ao enviar ping: 'Client' object has no attribute 'ping'
2025-10-21 13:45:23,209 - __main__ - WARNING - Taxa alta de colisões: 18 no último minuto
2025-10-21 13:45:23,209 - __main__ - INFO - Colisão #40 detectada: Colisão #39 detectada no sensor_b
2025-10-21 13:45:23,817 - __main__ - WARNING - Erro ao enviar ping: 'Client' object has no attribute 'ping'
2025-10-21 13:45:24,819 - __main__ - WARNING - Erro ao enviar ping: 'Client' object has no attribute 'ping'
2025-10-21 13:45:25,821 - __main__ - WARNING - Erro ao enviar ping: 'Client' object has no attribute 'ping'
2025-10-21 13:45:26,212 - __main__ - WARNING - Taxa alta de colisões: 17 no último minuto
2025-10-21 13:45:26,216 - __main__ - INFO - Colisão #41 detectada: Colisão #40 detectada no sensor_d
2025-10-21 13:45:26,823 - __main__ - WARNING - Erro ao enviar ping: 'Client' object has no attribute 'ping'
2025-10-21 13:45:27,825 - __main__ - WARNING - Erro ao enviar ping: 'Client' object has no attribute 'ping'
2025-10-21 13:45:28,827 - __main__ - WARNING - Erro ao enviar ping: 'Client' object has no attribute 'ping'
2025-10-21 13:45:29,829 - __main__ - WARNING - Erro ao enviar ping: 'Client' object has no attribute 'ping'
2025-10-21 13:45:30,832 - __main__ - WARNING - Erro ao enviar ping: 'Client' object has no attribute 'ping'
2025-10-21 13:45:31,211 - __main__ - WARNING - Taxa alta de colisões: 17 no último minuto
2025-10-21 13:45:31,215 - __main__ - INFO - Colisão #42 detectada: Colisão #41 detectada no sensor_d
2025-10-21 13:45:31,834 - __main__ - WARNING - Erro ao enviar ping: 'Client' object has no attribute 'ping'
2025-10-21 13:45:32,837 - __main__ - WARNING - Erro ao enviar ping: 'Client' object has no attribute 'ping'
2025-10-21 13:45:33,838 - __main__ - WARNING - Erro ao enviar ping: 'Client' object has no attribute 'ping'
2025-10-21 13:45:34,218 - __main__ - WARNING - Taxa alta de colisões: 17 no último minuto
2025-10-21 13:45:34,219 - __main__ - INFO - Colisão #43 detectada: Colisão #42 detectada no sensor_b
2025-10-21 13:45:34,842 - __main__ - WARNING - Erro ao enviar ping: 'Client' object has no attribute 'ping'
2025-10-21 13:45:35,843 - __main__ - WARNING - Erro ao enviar ping: 'Client' object has no attribute 'ping'
2025-10-21 13:45:36,218 - __main__ - WARNING - Taxa alta de colisões: 18 no último minuto
2025-10-21 13:45:36,221 - __main__ - INFO - Colisão #44 detectada: Colisão #43 detectada no sensor_c
2025-10-21 13:45:36,846 - __main__ - WARNING - Erro ao enviar ping: 'Client' object has no attribute 'ping'
2025-10-21 13:45:37,847 - __main__ - WARNING - Erro ao enviar ping: 'Client' object has no attribute 'ping'
2025-10-21 13:45:38,849 - __main__ - WARNING - Erro ao enviar ping: 'Client' object has no attribute 'ping'
2025-10-21 13:45:39,231 - __main__ - WARNING - Taxa alta de colisões: 18 no último minuto
2025-10-21 13:45:39,235 - __main__ - INFO - Colisão #45 detectada: Colisão #44 detectada no sensor_d
2025-10-21 13:45:39,851 - __main__ - WARNING - Erro ao enviar ping: 'Client' object has no attribute 'ping'
2025-10-21 13:45:40,853 - __main__ - WARNING - Erro ao enviar ping: 'Client' object has no attribute 'ping'
2025-10-21 13:45:41,855 - __main__ - WARNING - Erro ao enviar ping: 'Client' object has no attribute 'ping'
2025-10-21 13:45:42,884 - __main__ - WARNING - Erro ao enviar ping: 'Client' object has no attribute 'ping'
2025-10-21 13:45:43,885 - __main__ - WARNING - Erro ao enviar ping: 'Client' object has no attribute 'ping'
2025-10-21 13:45:44,233 - __main__ - WARNING - Taxa alta de colisões: 17 no último minuto
2025-10-21 13:45:44,233 - __main__ - INFO - Colisão #46 detectada: Colisão #45 detectada no sensor_b
2025-10-21 13:45:44,888 - __main__ - WARNING - Erro ao enviar ping: 'Client' object has no attribute 'ping'
2025-10-21 13:45:45,890 - __main__ - WARNING - Erro ao enviar ping: 'Client' object has no attribute 'ping'
2025-10-21 13:45:46,234 - __main__ - WARNING - Taxa alta de colisões: 17 no último minuto
2025-10-21 13:45:46,238 - __main__ - INFO - Colisão #47 detectada: Colisão #46 detectada no sensor_d
2025-10-21 13:45:46,892 - __main__ - WARNING - Erro ao enviar ping: 'Client' object has no attribute 'ping'
2025-10-21 13:45:47,894 - __main__ - WARNING - Erro ao enviar ping: 'Client' object has no attribute 'ping'
2025-10-21 13:45:48,896 - __main__ - WARNING - Erro ao enviar ping: 'Client' object has no attribute 'ping'
2025-10-21 13:45:49,238 - __main__ - WARNING - Taxa alta de colisões: 16 no último minuto
2025-10-21 13:45:49,238 - __main__ - INFO - Colisão #48 detectada: Colisão #47 detectada no sensor_d
2025-10-21 13:45:49,907 - __main__ - WARNING - Erro ao enviar ping: 'Client' object has no attribute 'ping'
2025-10-21 13:45:50,908 - __main__ - WARNING - Erro ao enviar ping: 'Client' object has no attribute 'ping'
2025-10-21 13:45:51,910 - __main__ - WARNING - Erro ao enviar ping: 'Client' object has no attribute 'ping'
2025-10-21 13:45:52,912 - __main__ - WARNING - Erro ao enviar ping: 'Client' object has no attribute 'ping'
2025-10-21 13:45:53,240 - __main__ - WARNING - Taxa alta de colisões: 16 no último minuto
2025-10-21 13:45:53,242 - __main__ - INFO - Colisão #49 detectada: Colisão #48 detectada no sensor_d
2025-10-21 13:45:53,914 - __main__ - WARNING - Erro ao enviar ping: 'Client' object has no attribute 'ping'
2025-10-21 13:45:54,916 - __main__ - WARNING - Erro ao enviar ping: 'Client' object has no attribute 'ping'
2025-10-21 13:45:55,918 - __main__ - WARNING - Erro ao enviar ping: 'Client' object has no attribute 'ping'
2025-10-21 13:45:56,920 - __main__ - WARNING - Erro ao enviar ping: 'Client' object has no attribute 'ping'
2025-10-21 13:45:57,921 - __main__ - WARNING - Erro ao enviar ping: 'Client' object has no attribute 'ping'
2025-10-21 13:45:58,241 - __main__ - WARNING - Taxa alta de colisões: 16 no último minuto
2025-10-21 13:45:58,241 - __main__ - INFO - Colisão #50 detectada: Colisão #49 detectada no sensor_d
2025-10-21 13:45:58,923 - __main__ - WARNING - Erro ao enviar ping: 'Client' object has no attribute 'ping'
2025-10-21 13:45:59,245 - __main__ - WARNING - Taxa alta de colisões: 17 no último minuto
2025-10-21 13:45:59,245 - __main__ - INFO - Colisão #51 detectada: Colisão #50 detectada no sensor_d
2025-10-21 13:45:59,924 - __main__ - WARNING - Erro ao enviar ping: 'Client' object has no attribute 'ping'
2025-10-21 13:46:00,926 - __main__ - WARNING - Erro ao enviar ping: 'Client' object has no attribute 'ping'
2025-10-21 13:46:01,928 - __main__ - WARNING - Erro ao enviar ping: 'Client' object has no attribute 'ping'
2025-10-21 13:46:02,250 - __main__ - WARNING - Taxa alta de colisões: 17 no último minuto
2025-10-21 13:46:02,252 - __main__ - INFO - Colisão #52 detectada: Colisão #51 detectada no sensor_a
2025-10-21 13:46:02,930 - __main__ - WARNING - Erro ao enviar ping: 'Client' object has no attribute 'ping'
2025-10-21 13:46:03,932 - __main__ - WARNING - Erro ao enviar ping: 'Client' object has no attribute 'ping'
2025-10-21 13:46:04,252 - __main__ - WARNING - Taxa alta de colisões: 18 no último minuto
2025-10-21 13:46:04,252 - __main__ - INFO - Colisão #53 detectada: Colisão #52 detectada no sensor_b
2025-10-21 13:46:04,934 - __main__ - WARNING - Erro ao enviar ping: 'Client' object has no attribute 'ping'
2025-10-21 13:46:05,936 - __main__ - WARNING - Erro ao enviar ping: 'Client' object has no attribute 'ping'
2025-10-21 13:46:06,938 - __main__ - WARNING - Erro ao enviar ping: 'Client' object has no attribute 'ping'
2025-10-21 13:46:07,940 - __main__ - WARNING - Erro ao enviar ping: 'Client' object has no attribute 'ping'
2025-10-21 13:46:08,942 - __main__ - WARNING - Erro ao enviar ping: 'Client' object has no attribute 'ping'
2025-10-21 13:46:09,255 - __main__ - WARNING - Taxa alta de colisões: 17 no último minuto
2025-10-21 13:46:09,255 - __main__ - INFO - Colisão #54 detectada: Colisão #53 detectada no sensor_c
2025-10-21 13:46:09,944 - __main__ - WARNING - Erro ao enviar ping: 'Client' object has no attribute 'ping'
2025-10-21 13:46:10,258 - __main__ - WARNING - Taxa alta de colisões: 18 no último minuto
2025-10-21 13:46:10,260 - __main__ - INFO - Colisão #55 detectada: Colisão #54 detectada no sensor_c
2025-10-21 13:46:10,946 - __main__ - WARNING - Erro ao enviar ping: 'Client' object has no attribute 'ping'
2025-10-21 13:46:11,948 - __main__ - WARNING - Erro ao enviar ping: 'Client' object has no attribute 'ping'
2025-10-21 13:46:12,950 - __main__ - WARNING - Erro ao enviar ping: 'Client' object has no attribute 'ping'
2025-10-21 13:46:13,260 - __main__ - WARNING - Taxa alta de colisões: 19 no último minuto
2025-10-21 13:46:13,263 - __main__ - INFO - Colisão #56 detectada: Colisão #55 detectada no sensor_a
2025-10-21 13:46:13,954 - __main__ - WARNING - Erro ao enviar ping: 'Client' object has no attribute 'ping'
2025-10-21 13:46:14,956 - __main__ - WARNING - Erro ao enviar ping: 'Client' object has no attribute 'ping'
2025-10-21 13:46:15,958 - __main__ - WARNING - Erro ao enviar ping: 'Client' object has no attribute 'ping'
2025-10-21 13:46:16,262 - __main__ - WARNING - Taxa alta de colisões: 19 no último minuto
2025-10-21 13:46:16,263 - __main__ - INFO - Colisão #57 detectada: Colisão #56 detectada no sensor_c
2025-10-21 13:46:16,960 - __main__ - WARNING - Erro ao enviar ping: 'Client' object has no attribute 'ping'
2025-10-21 13:46:17,962 - __main__ - WARNING - Erro ao enviar ping: 'Client' object has no attribute 'ping'
2025-10-21 13:46:18,963 - __main__ - WARNING - Erro ao enviar ping: 'Client' object has no attribute 'ping'
2025-10-21 13:46:19,265 - __main__ - WARNING - Taxa alta de colisões: 19 no último minuto
2025-10-21 13:46:19,265 - __main__ - INFO - Colisão #58 detectada: Colisão #57 detectada no sensor_c
2025-10-21 13:46:19,966 - __main__ - WARNING - Erro ao enviar ping: 'Client' object has no attribute 'ping'
2025-10-21 13:46:20,271 - __main__ - WARNING - Taxa alta de colisões: 20 no último minuto
2025-10-21 13:46:20,274 - __main__ - INFO - Colisão #59 detectada: Colisão #58 detectada no sensor_b
2025-10-21 13:46:20,968 - __main__ - WARNING - Erro ao enviar ping: 'Client' object has no attribute 'ping'
2025-10-21 13:46:21,969 - __main__ - WARNING - Erro ao enviar ping: 'Client' object has no attribute 'ping'
2025-10-21 13:46:22,972 - __main__ - WARNING - Erro ao enviar ping: 'Client' object has no attribute 'ping'
2025-10-21 13:46:23,271 - __main__ - WARNING - Taxa alta de colisões: 20 no último minuto
2025-10-21 13:46:23,271 - __main__ - INFO - Colisão #60 detectada: Colisão #59 detectada no sensor_c
2025-10-21 13:46:23,975 - __main__ - WARNING - Erro ao enviar ping: 'Client' object has no attribute 'ping'
2025-10-21 13:46:24,976 - __main__ - WARNING - Erro ao enviar ping: 'Client' object has no attribute 'ping'
2025-10-21 13:46:25,979 - __main__ - WARNING - Erro ao enviar ping: 'Client' object has no attribute 'ping'
2025-10-21 13:46:26,272 - __main__ - WARNING - Taxa alta de colisões: 20 no último minuto
2025-10-21 13:46:26,275 - __main__ - INFO - Colisão #61 detectada: Colisão #60 detectada no sensor_c
2025-10-21 13:46:26,981 - __main__ - WARNING - Erro ao enviar ping: 'Client' object has no attribute 'ping'
2025-10-21 13:46:27,984 - __main__ - WARNING - Erro ao enviar ping: 'Client' object has no attribute 'ping'
2025-10-21 13:46:28,986 - __main__ - WARNING - Erro ao enviar ping: 'Client' object has no attribute 'ping'
2025-10-21 13:46:29,272 - __main__ - WARNING - Taxa alta de colisões: 21 no último minuto
2025-10-21 13:46:29,276 - __main__ - INFO - Colisão #62 detectada: Colisão #61 detectada no sensor_b
2025-10-21 13:46:29,988 - __main__ - WARNING - Erro ao enviar ping: 'Client' object has no attribute 'ping'
2025-10-21 13:46:30,278 - __main__ - WARNING - Taxa alta de colisões: 22 no último minuto
2025-10-21 13:46:30,280 - __main__ - INFO - Colisão #63 detectada: Colisão #62 detectada no sensor_c
2025-10-21 13:46:30,990 - __main__ - WARNING - Erro ao enviar ping: 'Client' object has no attribute 'ping'
2025-10-21 13:46:31,991 - __main__ - WARNING - Erro ao enviar ping: 'Client' object has no attribute 'ping'
2025-10-21 13:46:32,993 - __main__ - WARNING - Erro ao enviar ping: 'Client' object has no attribute 'ping'
2025-10-21 13:46:33,281 - __main__ - WARNING - Taxa alta de colisões: 22 no último minuto
2025-10-21 13:46:33,283 - __main__ - INFO - Colisão #64 detectada: Colisão #63 detectada no sensor_b
2025-10-21 13:46:33,995 - __main__ - WARNING - Erro ao enviar ping: 'Client' object has no attribute 'ping'
2025-10-21 13:46:35,003 - __main__ - WARNING - Erro ao enviar ping: 'Client' object has no attribute 'ping'
2025-10-21 13:46:36,038 - __main__ - WARNING - Erro ao enviar ping: 'Client' object has no attribute 'ping'
2025-10-21 13:46:37,046 - __main__ - WARNING - Erro ao enviar ping: 'Client' object has no attribute 'ping'
2025-10-21 13:46:38,049 - __main__ - WARNING - Erro ao enviar ping: 'Client' object has no attribute 'ping'
2025-10-21 13:46:38,279 - __main__ - WARNING - Taxa alta de colisões: 21 no último minuto
2025-10-21 13:46:38,283 - __main__ - INFO - Colisão #65 detectada: Colisão #64 detectada no sensor_c
2025-10-21 13:46:39,051 - __main__ - WARNING - Erro ao enviar ping: 'Client' object has no attribute 'ping'
2025-10-21 13:46:40,055 - __main__ - WARNING - Erro ao enviar ping: 'Client' object has no attribute 'ping'
2025-10-21 13:46:40,289 - __main__ - WARNING - Taxa alta de colisões: 21 no último minuto
2025-10-21 13:46:40,292 - __main__ - INFO - Colisão #66 detectada: Colisão #65 detectada no sensor_d
2025-10-21 13:46:41,056 - __main__ - WARNING - Erro ao enviar ping: 'Client' object has no attribute 'ping'
2025-10-21 13:46:42,058 - __main__ - WARNING - Erro ao enviar ping: 'Client' object has no attribute 'ping'
2025-10-21 13:46:43,060 - __main__ - WARNING - Erro ao enviar ping: 'Client' object has no attribute 'ping'
2025-10-21 13:46:44,061 - __main__ - WARNING - Erro ao enviar ping: 'Client' object has no attribute 'ping'
2025-10-21 13:46:44,288 - __main__ - WARNING - Taxa alta de colisões: 21 no último minuto
2025-10-21 13:46:44,288 - __main__ - INFO - Colisão #67 detectada: Colisão #66 detectada no sensor_d
2025-10-21 13:46:45,064 - __main__ - WARNING - Erro ao enviar ping: 'Client' object has no attribute 'ping'
2025-10-21 13:46:45,291 - __main__ - WARNING - Taxa alta de colisões: 22 no último minuto
2025-10-21 13:46:45,294 - __main__ - INFO - Colisão #68 detectada: Colisão #67 detectada no sensor_d
2025-10-21 13:46:46,065 - __main__ - WARNING - Erro ao enviar ping: 'Client' object has no attribute 'ping'
2025-10-21 13:46:46,300 - __main__ - WARNING - Taxa alta de colisões: 22 no último minuto
2025-10-21 13:46:46,302 - __main__ - INFO - Colisão #69 detectada: Colisão #68 detectada no sensor_b
2025-10-21 13:46:47,067 - __main__ - WARNING - Erro ao enviar ping: 'Client' object has no attribute 'ping'
2025-10-21 13:46:47,302 - __main__ - WARNING - Taxa alta de colisões: 23 no último minuto
2025-10-21 13:46:47,304 - __main__ - INFO - Colisão #70 detectada: Colisão #69 detectada no sensor_b
2025-10-21 13:46:48,069 - __main__ - WARNING - Erro ao enviar ping: 'Client' object has no attribute 'ping'
2025-10-21 13:46:49,071 - __main__ - WARNING - Erro ao enviar ping: 'Client' object has no attribute 'ping'
2025-10-21 13:46:49,299 - __main__ - WARNING - Taxa alta de colisões: 23 no último minuto
2025-10-21 13:46:49,299 - __main__ - INFO - Colisão #71 detectada: Colisão #70 detectada no sensor_b
2025-10-21 13:46:50,073 - __main__ - WARNING - Erro ao enviar ping: 'Client' object has no attribute 'ping'
2025-10-21 13:46:51,075 - __main__ - WARNING - Erro ao enviar ping: 'Client' object has no attribute 'ping'
2025-10-21 13:46:52,076 - __main__ - WARNING - Erro ao enviar ping: 'Client' object has no attribute 'ping'
2025-10-21 13:46:52,302 - __main__ - WARNING - Taxa alta de colisões: 24 no último minuto
2025-10-21 13:46:52,307 - __main__ - INFO - Colisão #72 detectada: Colisão #71 detectada no sensor_d
2025-10-21 13:46:53,078 - __main__ - WARNING - Erro ao enviar ping: 'Client' object has no attribute 'ping'
2025-10-21 13:46:54,081 - __main__ - WARNING - Erro ao enviar ping: 'Client' object has no attribute 'ping'
2025-10-21 13:46:54,307 - __main__ - WARNING - Taxa alta de colisões: 24 no último minuto
2025-10-21 13:46:54,307 - __main__ - INFO - Colisão #73 detectada: Colisão #72 detectada no sensor_a
2025-10-21 13:46:55,082 - __main__ - WARNING - Erro ao enviar ping: 'Client' object has no attribute 'ping'
2025-10-21 13:46:56,084 - __main__ - WARNING - Erro ao enviar ping: 'Client' object has no attribute 'ping'
2025-10-21 13:46:56,312 - __main__ - WARNING - Taxa alta de colisões: 25 no último minuto
2025-10-21 13:46:56,314 - __main__ - INFO - Colisão #74 detectada: Colisão #73 detectada no sensor_b
2025-10-21 13:46:57,086 - __main__ - WARNING - Erro ao enviar ping: 'Client' object has no attribute 'ping'
2025-10-21 13:46:57,313 - __main__ - WARNING - Taxa alta de colisões: 26 no último minuto
2025-10-21 13:46:57,313 - __main__ - INFO - Colisão #75 detectada: Colisão #74 detectada no sensor_b
2025-10-21 13:46:58,088 - __main__ - WARNING - Erro ao enviar ping: 'Client' object has no attribute 'ping'
2025-10-21 13:46:59,090 - __main__ - WARNING - Erro ao enviar ping: 'Client' object has no attribute 'ping'
2025-10-21 13:46:59,316 - __main__ - WARNING - Taxa alta de colisões: 25 no último minuto
2025-10-21 13:46:59,316 - __main__ - INFO - Colisão #76 detectada: Colisão #75 detectada no sensor_d
2025-10-21 13:47:00,092 - __main__ - WARNING - Erro ao enviar ping: 'Client' object has no attribute 'ping'
2025-10-21 13:47:01,093 - __main__ - WARNING - Erro ao enviar ping: 'Client' object has no attribute 'ping'
2025-10-21 13:47:02,097 - __main__ - WARNING - Erro ao enviar ping: 'Client' object has no attribute 'ping'
2025-10-21 13:47:02,320 - __main__ - WARNING - Taxa alta de colisões: 25 no último minuto
2025-10-21 13:47:02,322 - __main__ - INFO - Colisão #77 detectada: Colisão #76 detectada no sensor_b
2025-10-21 13:47:03,098 - __main__ - WARNING - Erro ao enviar ping: 'Client' object has no attribute 'ping'
2025-10-21 13:47:04,100 - __main__ - WARNING - Erro ao enviar ping: 'Client' object has no attribute 'ping'
2025-10-21 13:47:05,103 - __main__ - WARNING - Erro ao enviar ping: 'Client' object has no attribute 'ping'
2025-10-21 13:47:05,336 - __main__ - WARNING - Taxa alta de colisões: 25 no último minuto
2025-10-21 13:47:05,336 - __main__ - INFO - Colisão #78 detectada: Colisão #77 detectada no sensor_d
2025-10-21 13:47:06,105 - __main__ - WARNING - Erro ao enviar ping: 'Client' object has no attribute 'ping'
2025-10-21 13:47:07,108 - __main__ - WARNING - Erro ao enviar ping: 'Client' object has no attribute 'ping'
2025-10-21 13:47:08,109 - __main__ - WARNING - Erro ao enviar ping: 'Client' object has no attribute 'ping'
2025-10-21 13:47:08,333 - __main__ - WARNING - Taxa alta de colisões: 26 no último minuto
2025-10-21 13:47:08,333 - __main__ - INFO - Colisão #79 detectada: Colisão #78 detectada no sensor_b
2025-10-21 13:47:09,111 - __main__ - WARNING - Erro ao enviar ping: 'Client' object has no attribute 'ping'
2025-10-21 13:47:09,337 - __main__ - WARNING - Taxa alta de colisões: 26 no último minuto
2025-10-21 13:47:09,337 - __main__ - INFO - Colisão #80 detectada: Colisão #79 detectada no sensor_c
2025-10-21 13:47:10,127 - __main__ - WARNING - Erro ao enviar ping: 'Client' object has no attribute 'ping'
2025-10-21 13:47:11,129 - __main__ - WARNING - Erro ao enviar ping: 'Client' object has no attribute 'ping'
2025-10-21 13:47:11,346 - __main__ - WARNING - Taxa alta de colisões: 26 no último minuto
2025-10-21 13:47:11,348 - __main__ - INFO - Colisão #81 detectada: Colisão #80 detectada no sensor_b
2025-10-21 13:47:12,131 - __main__ - WARNING - Erro ao enviar ping: 'Client' object has no attribute 'ping'
2025-10-21 13:47:13,134 - __main__ - WARNING - Erro ao enviar ping: 'Client' object has no attribute 'ping'
2025-10-21 13:47:14,136 - __main__ - WARNING - Erro ao enviar ping: 'Client' object has no attribute 'ping'
2025-10-21 13:47:15,138 - __main__ - WARNING - Erro ao enviar ping: 'Client' object has no attribute 'ping'
2025-10-21 13:47:15,346 - __main__ - WARNING - Taxa alta de colisões: 26 no último minuto
2025-10-21 13:47:15,348 - __main__ - INFO - Colisão #82 detectada: Colisão #81 detectada no sensor_a
2025-10-21 13:47:16,140 - __main__ - WARNING - Erro ao enviar ping: 'Client' object has no attribute 'ping'
2025-10-21 13:47:17,142 - __main__ - WARNING - Erro ao enviar ping: 'Client' object has no attribute 'ping'
2025-10-21 13:47:18,144 - __main__ - WARNING - Erro ao enviar ping: 'Client' object has no attribute 'ping'
2025-10-21 13:47:19,146 - __main__ - WARNING - Erro ao enviar ping: 'Client' object has no attribute 'ping'
2025-10-21 13:47:19,348 - __main__ - WARNING - Taxa alta de colisões: 25 no último minuto
2025-10-21 13:47:19,351 - __main__ - INFO - Colisão #83 detectada: Colisão #82 detectada no sensor_d
2025-10-21 13:47:20,148 - __main__ - WARNING - Erro ao enviar ping: 'Client' object has no attribute 'ping'
2025-10-21 13:47:21,151 - __main__ - WARNING - Erro ao enviar ping: 'Client' object has no attribute 'ping'
2025-10-21 13:47:21,353 - __main__ - WARNING - Taxa alta de colisões: 25 no último minuto
2025-10-21 13:47:21,392 - __main__ - INFO - Colisão #84 detectada: Colisão #83 detectada no sensor_a
2025-10-21 13:47:22,157 - __main__ - WARNING - Erro ao enviar ping: 'Client' object has no attribute 'ping'
2025-10-21 13:47:23,160 - __main__ - WARNING - Erro ao enviar ping: 'Client' object has no attribute 'ping'
2025-10-21 13:47:24,161 - __main__ - WARNING - Erro ao enviar ping: 'Client' object has no attribute 'ping'
2025-10-21 13:47:25,163 - __main__ - WARNING - Erro ao enviar ping: 'Client' object has no attribute 'ping'
2025-10-21 13:47:25,350 - __main__ - WARNING - Taxa alta de colisões: 25 no último minuto
2025-10-21 13:47:25,356 - __main__ - INFO - Colisão #85 detectada: Colisão #84 detectada no sensor_b
2025-10-21 13:47:26,165 - __main__ - WARNING - Erro ao enviar ping: 'Client' object has no attribute 'ping'
2025-10-21 13:47:27,168 - __main__ - WARNING - Erro ao enviar ping: 'Client' object has no attribute 'ping'
2025-10-21 13:47:28,170 - __main__ - WARNING - Erro ao enviar ping: 'Client' object has no attribute 'ping'
2025-10-21 13:47:29,172 - __main__ - WARNING - Erro ao enviar ping: 'Client' object has no attribute 'ping'
2025-10-21 13:47:29,355 - __main__ - WARNING - Taxa alta de colisões: 24 no último minuto
2025-10-21 13:47:29,355 - __main__ - INFO - Colisão #86 detectada: Colisão #85 detectada no sensor_b
2025-10-21 13:47:30,174 - __main__ - WARNING - Erro ao enviar ping: 'Client' object has no attribute 'ping'
2025-10-21 13:47:31,176 - __main__ - WARNING - Erro ao enviar ping: 'Client' object has no attribute 'ping'
2025-10-21 13:47:31,364 - __main__ - WARNING - Taxa alta de colisões: 24 no último minuto
2025-10-21 13:47:31,368 - __main__ - INFO - Colisão #87 detectada: Colisão #86 detectada no sensor_a
2025-10-21 13:47:32,178 - __main__ - WARNING - Erro ao enviar ping: 'Client' object has no attribute 'ping'
2025-10-21 13:47:33,180 - __main__ - WARNING - Erro ao enviar ping: 'Client' object has no attribute 'ping'
2025-10-21 13:47:34,183 - __main__ - WARNING - Erro ao enviar ping: 'Client' object has no attribute 'ping'
2025-10-21 13:47:35,184 - __main__ - WARNING - Erro ao enviar ping: 'Client' object has no attribute 'ping'
2025-10-21 13:47:36,187 - __main__ - WARNING - Erro ao enviar ping: 'Client' object has no attribute 'ping'
2025-10-21 13:47:36,362 - __main__ - WARNING - Taxa alta de colisões: 24 no último minuto
2025-10-21 13:47:36,386 - __main__ - INFO - Colisão #88 detectada: Colisão #87 detectada no sensor_b
2025-10-21 13:47:37,189 - __main__ - WARNING - Erro ao enviar ping: 'Client' object has no attribute 'ping'
2025-10-21 13:47:38,191 - __main__ - WARNING - Erro ao enviar ping: 'Client' object has no attribute 'ping'
2025-10-21 13:47:39,193 - __main__ - WARNING - Erro ao enviar ping: 'Client' object has no attribute 'ping'
2025-10-21 13:47:40,195 - __main__ - WARNING - Erro ao enviar ping: 'Client' object has no attribute 'ping'
2025-10-21 13:47:41,198 - __main__ - WARNING - Erro ao enviar ping: 'Client' object has no attribute 'ping'
2025-10-21 13:47:41,370 - __main__ - WARNING - Taxa alta de colisões: 23 no último minuto
2025-10-21 13:47:41,373 - __main__ - INFO - Colisão #89 detectada: Colisão #88 detectada no sensor_a
2025-10-21 13:47:42,201 - __main__ - WARNING - Erro ao enviar ping: 'Client' object has no attribute 'ping'
2025-10-21 13:47:43,203 - __main__ - WARNING - Erro ao enviar ping: 'Client' object has no attribute 'ping'
2025-10-21 13:47:44,205 - __main__ - WARNING - Erro ao enviar ping: 'Client' object has no attribute 'ping'
2025-10-21 13:47:45,207 - __main__ - WARNING - Erro ao enviar ping: 'Client' object has no attribute 'ping'
2025-10-21 13:47:46,210 - __main__ - WARNING - Erro ao enviar ping: 'Client' object has no attribute 'ping'
2025-10-21 13:47:46,366 - __main__ - WARNING - Taxa alta de colisões: 21 no último minuto
2025-10-21 13:47:46,372 - __main__ - INFO - Colisão #90 detectada: Colisão #89 detectada no sensor_a
2025-10-21 13:47:47,212 - __main__ - WARNING - Erro ao enviar ping: 'Client' object has no attribute 'ping'
2025-10-21 13:47:48,214 - __main__ - WARNING - Erro ao enviar ping: 'Client' object has no attribute 'ping'
2025-10-21 13:47:49,218 - __main__ - WARNING - Erro ao enviar ping: 'Client' object has no attribute 'ping'
2025-10-21 13:47:49,373 - __main__ - WARNING - Taxa alta de colisões: 20 no último minuto
2025-10-21 13:47:49,377 - __main__ - INFO - Colisão #91 detectada: Colisão #90 detectada no sensor_d
2025-10-21 13:47:50,219 - __main__ - WARNING - Erro ao enviar ping: 'Client' object has no attribute 'ping'
2025-10-21 13:47:51,221 - __main__ - WARNING - Erro ao enviar ping: 'Client' object has no attribute 'ping'
2025-10-21 13:47:51,376 - __main__ - WARNING - Taxa alta de colisões: 21 no último minuto
2025-10-21 13:47:51,376 - __main__ - INFO - Colisão #92 detectada: Colisão #91 detectada no sensor_a
2025-10-21 13:47:52,223 - __main__ - WARNING - Erro ao enviar ping: 'Client' object has no attribute 'ping'
2025-10-21 13:47:53,225 - __main__ - WARNING - Erro ao enviar ping: 'Client' object has no attribute 'ping'
2025-10-21 13:47:54,228 - __main__ - WARNING - Erro ao enviar ping: 'Client' object has no attribute 'ping'
2025-10-21 13:47:54,378 - __main__ - WARNING - Taxa alta de colisões: 20 no último minuto
2025-10-21 13:47:54,379 - __main__ - INFO - Colisão #93 detectada: Colisão #92 detectada no sensor_d
2025-10-21 13:47:55,233 - __main__ - WARNING - Erro ao enviar ping: 'Client' object has no attribute 'ping'
2025-10-21 13:47:56,234 - __main__ - WARNING - Erro ao enviar ping: 'Client' object has no attribute 'ping'
2025-10-21 13:47:57,237 - __main__ - WARNING - Erro ao enviar ping: 'Client' object has no attribute 'ping'
2025-10-21 13:47:58,239 - __main__ - WARNING - Erro ao enviar ping: 'Client' object has no attribute 'ping'
2025-10-21 13:47:59,241 - __main__ - WARNING - Erro ao enviar ping: 'Client' object has no attribute 'ping'
2025-10-21 13:47:59,379 - __main__ - WARNING - Taxa alta de colisões: 18 no último minuto
2025-10-21 13:47:59,379 - __main__ - INFO - Colisão #94 detectada: Colisão #93 detectada no sensor_b
2025-10-21 13:48:00,243 - __main__ - WARNING - Erro ao enviar ping: 'Client' object has no attribute 'ping'
2025-10-21 13:48:01,245 - __main__ - WARNING - Erro ao enviar ping: 'Client' object has no attribute 'ping'
2025-10-21 13:48:02,247 - __main__ - WARNING - Erro ao enviar ping: 'Client' object has no attribute 'ping'
2025-10-21 13:48:03,248 - __main__ - WARNING - Erro ao enviar ping: 'Client' object has no attribute 'ping'
2025-10-21 13:48:03,381 - __main__ - WARNING - Taxa alta de colisões: 18 no último minuto
2025-10-21 13:48:03,382 - __main__ - INFO - Colisão #95 detectada: Colisão #94 detectada no sensor_a
2025-10-21 13:48:04,250 - __main__ - WARNING - Erro ao enviar ping: 'Client' object has no attribute 'ping'
2025-10-21 13:48:04,385 - __main__ - WARNING - Taxa alta de colisões: 19 no último minuto
2025-10-21 13:48:04,388 - __main__ - INFO - Colisão #96 detectada: Colisão #95 detectada no sensor_c
2025-10-21 13:48:05,252 - __main__ - WARNING - Erro ao enviar ping: 'Client' object has no attribute 'ping'
2025-10-21 13:48:06,254 - __main__ - WARNING - Erro ao enviar ping: 'Client' object has no attribute 'ping'
2025-10-21 13:48:07,256 - __main__ - WARNING - Erro ao enviar ping: 'Client' object has no attribute 'ping'
2025-10-21 13:48:07,388 - __main__ - WARNING - Taxa alta de colisões: 19 no último minuto
2025-10-21 13:48:07,388 - __main__ - INFO - Colisão #97 detectada: Colisão #96 detectada no sensor_c
2025-10-21 13:48:08,258 - __main__ - WARNING - Erro ao enviar ping: 'Client' object has no attribute 'ping'
2025-10-21 13:48:09,260 - __main__ - WARNING - Erro ao enviar ping: 'Client' object has no attribute 'ping'
2025-10-21 13:48:09,390 - __main__ - WARNING - Taxa alta de colisões: 18 no último minuto
2025-10-21 13:48:09,390 - __main__ - INFO - Colisão #98 detectada: Colisão #97 detectada no sensor_a
2025-10-21 13:48:10,262 - __main__ - WARNING - Erro ao enviar ping: 'Client' object has no attribute 'ping'
2025-10-21 13:48:11,274 - __main__ - WARNING - Erro ao enviar ping: 'Client' object has no attribute 'ping'
2025-10-21 13:48:11,391 - __main__ - WARNING - Taxa alta de colisões: 18 no último minuto
2025-10-21 13:48:11,391 - __main__ - INFO - Colisão #99 detectada: Colisão #98 detectada no sensor_d
2025-10-21 13:48:12,277 - __main__ - WARNING - Erro ao enviar ping: 'Client' object has no attribute 'ping'
2025-10-21 13:48:13,279 - __main__ - WARNING - Erro ao enviar ping: 'Client' object has no attribute 'ping'
2025-10-21 13:48:14,281 - __main__ - WARNING - Erro ao enviar ping: 'Client' object has no attribute 'ping'
2025-10-21 13:48:14,401 - __main__ - WARNING - Taxa alta de colisões: 19 no último minuto
2025-10-21 13:48:14,405 - __main__ - INFO - Colisão #100 detectada: Colisão #99 detectada no sensor_d
2025-10-21 13:48:15,282 - __main__ - WARNING - Erro ao enviar ping: 'Client' object has no attribute 'ping'
2025-10-21 13:48:16,284 - __main__ - WARNING - Erro ao enviar ping: 'Client' object has no attribute 'ping'
2025-10-21 13:48:16,402 - __main__ - WARNING - Taxa alta de colisões: 19 no último minuto
2025-10-21 13:48:16,403 - __main__ - INFO - Colisão #101 detectada: Colisão #100 detectada no sensor_a
2025-10-21 13:48:17,287 - __main__ - WARNING - Erro ao enviar ping: 'Client' object has no attribute 'ping'
2025-10-21 13:48:18,298 - __main__ - WARNING - Erro ao enviar ping: 'Client' object has no attribute 'ping'
2025-10-21 13:48:19,302 - __main__ - WARNING - Erro ao enviar ping: 'Client' object has no attribute 'ping'
2025-10-21 13:48:20,304 - __main__ - WARNING - Erro ao enviar ping: 'Client' object has no attribute 'ping'
2025-10-21 13:48:20,407 - __main__ - WARNING - Taxa alta de colisões: 19 no último minuto
2025-10-21 13:48:20,410 - __main__ - INFO - Colisão #102 detectada: Colisão #101 detectada no sensor_d
2025-10-21 13:48:21,305 - __main__ - WARNING - Erro ao enviar ping: 'Client' object has no attribute 'ping'
2025-10-21 13:48:22,307 - __main__ - WARNING - Erro ao enviar ping: 'Client' object has no attribute 'ping'
2025-10-21 13:48:23,309 - __main__ - WARNING - Erro ao enviar ping: 'Client' object has no attribute 'ping'
2025-10-21 13:48:23,404 - __main__ - WARNING - Taxa alta de colisões: 19 no último minuto
2025-10-21 13:48:23,408 - __main__ - INFO - Colisão #103 detectada: Colisão #102 detectada no sensor_a
2025-10-21 13:48:24,311 - __main__ - WARNING - Erro ao enviar ping: 'Client' object has no attribute 'ping'
2025-10-21 13:48:25,312 - __main__ - WARNING - Erro ao enviar ping: 'Client' object has no attribute 'ping'
2025-10-21 13:48:26,315 - __main__ - WARNING - Erro ao enviar ping: 'Client' object has no attribute 'ping'
2025-10-21 13:48:26,406 - __main__ - WARNING - Taxa alta de colisões: 19 no último minuto
2025-10-21 13:48:26,412 - __main__ - INFO - Colisão #104 detectada: Colisão #103 detectada no sensor_c
2025-10-21 13:48:27,317 - __main__ - WARNING - Erro ao enviar ping: 'Client' object has no attribute 'ping'
2025-10-21 13:48:28,319 - __main__ - WARNING - Erro ao enviar ping: 'Client' object has no attribute 'ping'
2025-10-21 13:48:29,321 - __main__ - WARNING - Erro ao enviar ping: 'Client' object has no attribute 'ping'
2025-10-21 13:48:30,323 - __main__ - WARNING - Erro ao enviar ping: 'Client' object has no attribute 'ping'
2025-10-21 13:48:30,415 - __main__ - WARNING - Taxa alta de colisões: 19 no último minuto
2025-10-21 13:48:30,415 - __main__ - INFO - Colisão #105 detectada: Colisão #104 detectada no sensor_b
2025-10-21 13:48:31,325 - __main__ - WARNING - Erro ao enviar ping: 'Client' object has no attribute 'ping'
2025-10-21 13:48:32,327 - __main__ - WARNING - Erro ao enviar ping: 'Client' object has no attribute 'ping'
2025-10-21 13:48:33,334 - __main__ - WARNING - Erro ao enviar ping: 'Client' object has no attribute 'ping'
2025-10-21 13:48:34,336 - __main__ - WARNING - Erro ao enviar ping: 'Client' object has no attribute 'ping'
2025-10-21 13:48:34,416 - __main__ - WARNING - Taxa alta de colisões: 19 no último minuto
2025-10-21 13:48:34,419 - __main__ - INFO - Colisão #106 detectada: Colisão #105 detectada no sensor_a
2025-10-21 13:48:35,338 - __main__ - WARNING - Erro ao enviar ping: 'Client' object has no attribute 'ping'
2025-10-21 13:48:36,340 - __main__ - WARNING - Erro ao enviar ping: 'Client' object has no attribute 'ping'
2025-10-21 13:48:37,343 - __main__ - WARNING - Erro ao enviar ping: 'Client' object has no attribute 'ping'
2025-10-21 13:48:38,345 - __main__ - WARNING - Erro ao enviar ping: 'Client' object has no attribute 'ping'
2025-10-21 13:48:39,347 - __main__ - WARNING - Erro ao enviar ping: 'Client' object has no attribute 'ping'
2025-10-21 13:48:39,415 - __main__ - WARNING - Taxa alta de colisões: 19 no último minuto
2025-10-21 13:48:39,415 - __main__ - INFO - Colisão #107 detectada: Colisão #106 detectada no sensor_c
2025-10-21 13:48:40,351 - __main__ - WARNING - Erro ao enviar ping: 'Client' object has no attribute 'ping'
2025-10-21 13:48:41,354 - __main__ - WARNING - Erro ao enviar ping: 'Client' object has no attribute 'ping'
2025-10-21 13:48:42,357 - __main__ - WARNING - Erro ao enviar ping: 'Client' object has no attribute 'ping'
2025-10-21 13:48:42,419 - __main__ - WARNING - Taxa alta de colisões: 19 no último minuto
2025-10-21 13:48:42,454 - __main__ - INFO - Colisão #108 detectada: Colisão #107 detectada no sensor_a
2025-10-21 13:48:43,359 - __main__ - WARNING - Erro ao enviar ping: 'Client' object has no attribute 'ping'
2025-10-28 15:08:49,212 - detector_colisao - INFO - Histórico salvo com sucesso.
2025-10-28 15:08:49,212 - detector_colisao - INFO - Sistema finalizado com segurança.
