[2025-10-20 19:23:57] INFO: Simulador de integraﾃｧﾃ｣o iniciado
[2025-10-20 19:23:57] INFO: COLISﾃグ DETECTADA #1
[2025-10-20 19:23:57] INFO:   沒 Localizaﾃｧﾃ｣o: lateral_direita
[2025-10-20 19:23:57] INFO:   沒 Distﾃ｢ncia: 13.5cm
[2025-10-20 19:23:57] INFO:   泅 Velocidade: 56.7%
[2025-10-20 19:23:57] INFO:   笞｡ Intensidade: media
[2025-10-20 19:23:57] INFO: 沒｡ MENSAGEM MQTT SIMULADA:
[2025-10-20 19:23:57] INFO:   Tﾃｳpico: vini123/colisao
[2025-10-20 19:23:57] INFO:   QoS: 1
[2025-10-20 19:23:57] INFO:   Payload: {
  "tipo": "colisao",
  "mensagem": "Colisﾃ｣o #1 detectada pelo sensor_lateral_R",
  "sensor_id": "sensor_lateral_R",
  "timestamp": "2025-10-20T19:23:57.464293",
  "distancia": 13.5,
  "velocidade": 56.7,
  "intensidade": "media",
  "localizacao": "lateral_direita"
}
[2025-10-20 19:23:57] INFO: 沒･ Sistema Python recebeu mensagem MQTT
[2025-10-20 19:23:57] INFO: 沒 Atualizando estatﾃｭsticas...
[2025-10-20 19:23:57] INFO: 汳ｾ Salvando dados...
[2025-10-20 19:23:57] INFO: 沍 Interface HTML atualizada
[2025-10-20 19:23:57] INFO: 沒 Grﾃ｡ficos atualizados em tempo real
[2025-10-20 19:23:59] INFO: COLISﾃグ DETECTADA #2
[2025-10-20 19:23:59] INFO:   沒 Localizaﾃｧﾃ｣o: traseira
[2025-10-20 19:23:59] INFO:   沒 Distﾃ｢ncia: 6.6cm
[2025-10-20 19:23:59] INFO:   泅 Velocidade: 57.2%
[2025-10-20 19:23:59] INFO:   笞｡ Intensidade: media
[2025-10-20 19:23:59] INFO: 沒｡ MENSAGEM MQTT SIMULADA:
[2025-10-20 19:23:59] INFO:   Tﾃｳpico: vini123/colisao
[2025-10-20 19:23:59] INFO:   QoS: 1
[2025-10-20 19:23:59] INFO:   Payload: {
  "tipo": "colisao",
  "mensagem": "Colisﾃ｣o #2 detectada pelo sensor_frontal",
  "sensor_id": "sensor_frontal",
  "timestamp": "2025-10-20T19:23:59.514266",
  "distancia": 6.6,
  "velocidade": 57.2,
  "intensidade": "media",
  "localizacao": "traseira"
}
[2025-10-20 19:23:59] INFO: 沒･ Sistema Python recebeu mensagem MQTT
[2025-10-20 19:23:59] INFO: 沒 Atualizando estatﾃｭsticas...
[2025-10-20 19:23:59] INFO: 汳ｾ Salvando dados...
[2025-10-20 19:23:59] INFO: 沍 Interface HTML atualizada
[2025-10-20 19:23:59] INFO: 沒 Grﾃ｡ficos atualizados em tempo real
[2025-10-20 19:24:01] INFO: COLISﾃグ DETECTADA #3
[2025-10-20 19:24:01] INFO:   沒 Localizaﾃｧﾃ｣o: lateral_direita
[2025-10-20 19:24:01] INFO:   沒 Distﾃ｢ncia: 12.6cm
[2025-10-20 19:24:01] INFO:   泅 Velocidade: 32.1%
[2025-10-20 19:24:01] INFO:   笞｡ Intensidade: alta
[2025-10-20 19:24:01] INFO: 沒｡ MENSAGEM MQTT SIMULADA:
[2025-10-20 19:24:01] INFO:   Tﾃｳpico: vini123/colisao
[2025-10-20 19:24:01] INFO:   QoS: 1
[2025-10-20 19:24:01] INFO:   Payload: {
  "tipo": "colisao",
  "mensagem": "Colisﾃ｣o #3 detectada pelo sensor_traseiro",
  "sensor_id": "sensor_traseiro",
  "timestamp": "2025-10-20T19:24:01.557002",
  "distancia": 12.6,
  "velocidade": 32.1,
  "intensidade": "alta",
  "localizacao": "lateral_direita"
}
[2025-10-20 19:24:01] INFO: 沒･ Sistema Python recebeu mensagem MQTT
[2025-10-20 19:24:01] INFO: 沒 Atualizando estatﾃｭsticas...
[2025-10-20 19:24:01] INFO: 汳ｾ Salvando dados...
[2025-10-20 19:24:01] INFO: 沍 Interface HTML atualizada
[2025-10-20 19:24:01] INFO: 沒 Grﾃ｡ficos atualizados em tempo real
[2025-10-20 19:24:03] INFO: COLISﾃグ DETECTADA #4
[2025-10-20 19:24:03] INFO:   沒 Localizaﾃｧﾃ｣o: lateral_esquerda
[2025-10-20 19:24:03] INFO:   沒 Distﾃ｢ncia: 5.4cm
[2025-10-20 19:24:03] INFO:   泅 Velocidade: 41.4%
[2025-10-20 19:24:03] INFO:   笞｡ Intensidade: baixa
[2025-10-20 19:24:03] INFO: 沒｡ MENSAGEM MQTT SIMULADA:
[2025-10-20 19:24:03] INFO:   Tﾃｳpico: vini123/colisao
[2025-10-20 19:24:03] INFO:   QoS: 1
[2025-10-20 19:24:03] INFO:   Payload: {
  "tipo": "colisao",
  "mensagem": "Colisﾃ｣o #4 detectada pelo sensor_lateral_R",
  "sensor_id": "sensor_lateral_R",
  "timestamp": "2025-10-20T19:24:03.608713",
  "distancia": 5.4,
  "velocidade": 41.4,
  "intensidade": "baixa",
  "localizacao": "lateral_esquerda"
}
[2025-10-20 19:24:03] INFO: 沒･ Sistema Python recebeu mensagem MQTT
[2025-10-20 19:24:03] INFO: 沒 Atualizando estatﾃｭsticas...
[2025-10-20 19:24:03] INFO: 汳ｾ Salvando dados...
[2025-10-20 19:24:03] INFO: 沍 Interface HTML atualizada
[2025-10-20 19:24:03] INFO: 沒 Grﾃ｡ficos atualizados em tempo real
[2025-10-20 19:24:05] INFO: COLISﾃグ DETECTADA #5
[2025-10-20 19:24:05] INFO:   沒 Localizaﾃｧﾃ｣o: traseira
[2025-10-20 19:24:05] INFO:   沒 Distﾃ｢ncia: 13.8cm
[2025-10-20 19:24:05] INFO:   泅 Velocidade: 49.9%
[2025-10-20 19:24:05] INFO:   笞｡ Intensidade: alta
[2025-10-20 19:24:05] INFO: 沒｡ MENSAGEM MQTT SIMULADA:
[2025-10-20 19:24:05] INFO:   Tﾃｳpico: vini123/colisao
[2025-10-20 19:24:05] INFO:   QoS: 1
[2025-10-20 19:24:05] INFO:   Payload: {
  "tipo": "colisao",
  "mensagem": "Colisﾃ｣o #5 detectada pelo sensor_traseiro",
  "sensor_id": "sensor_traseiro",
  "timestamp": "2025-10-20T19:24:05.677729",
  "distancia": 13.8,
  "velocidade": 49.9,
  "intensidade": "alta",
  "localizacao": "traseira"
}
[2025-10-20 19:24:05] INFO: 沒･ Sistema Python recebeu mensagem MQTT
[2025-10-20 19:24:05] INFO: 沒 Atualizando estatﾃｭsticas...
[2025-10-20 19:24:05] INFO: 汳ｾ Salvando dados...
[2025-10-20 19:24:05] INFO: 沍 Interface HTML atualizada
[2025-10-20 19:24:05] INFO: 沒 Grﾃ｡ficos atualizados em tempo real
[2025-10-20 19:24:05] INFO: 汳ｾ Dados salvos em historico_simulacao.json
